This file contains any messages produced by compilers while
running configure, to aid debugging if configure makes a mistake.

It was created by nemea-modules configure 2.5.1, which was
generated by GNU Autoconf 2.69.  Invocation command line was

  $ ./configure 

## --------- ##
## Platform. ##
## --------- ##

hostname = e-78-122.eduroam.fit.cvut.cz
uname -m = x86_64
uname -r = 16.4.0
uname -s = Darwin
uname -v = Darwin Kernel Version 16.4.0: Thu Dec 22 22:53:21 PST 2016; root:xnu-3789.41.3~3/RELEASE_X86_64

/usr/bin/uname -p = i386
/bin/uname -X     = unknown

/bin/arch              = unknown
/usr/bin/arch -k       = unknown
/usr/convex/getsysinfo = unknown
/usr/bin/hostinfo      = Mach kernel version:
	 Darwin Kernel Version 16.4.0: Thu Dec 22 22:53:21 PST 2016; root:xnu-3789.41.3~3/RELEASE_X86_64
Kernel configured for up to 4 processors.
2 processors are physically available.
4 processors are logically available.
Processor type: x86_64h (Intel x86-64h Haswell)
Processors active: 0 1 2 3
Primary memory available: 8.00 gigabytes
Default processor set: 330 tasks, 1447 threads, 4 processors
Load average: 1.17, Mach factor: 2.82
/bin/machine           = unknown
/usr/bin/oslevel       = unknown
/bin/universe          = unknown

PATH: /opt/local/bin
PATH: /opt/local/sbin
PATH: /opt/local/bin
PATH: /opt/local/sbin
PATH: /usr/local/bin
PATH: /usr/bin
PATH: /bin
PATH: /usr/sbin
PATH: /sbin


## ----------- ##
## Core tests. ##
## ----------- ##

configure:2675: checking for a BSD-compatible install
configure:2743: result: /usr/bin/install -c
configure:2754: checking whether build environment is sane
configure:2809: result: yes
configure:2960: checking for a thread-safe mkdir -p
configure:2999: result: ./install-sh -c -d
configure:3006: checking for gawk
configure:3036: result: no
configure:3006: checking for mawk
configure:3036: result: no
configure:3006: checking for nawk
configure:3036: result: no
configure:3006: checking for awk
configure:3022: found /usr/bin/awk
configure:3033: result: awk
configure:3044: checking whether make sets $(MAKE)
configure:3066: result: yes
configure:3095: checking whether make supports nested variables
configure:3112: result: yes
configure:3249: checking whether make supports nested variables
configure:3266: result: yes
configure:3330: checking build system type
configure:3344: result: x86_64-apple-darwin16.4.0
configure:3364: checking host system type
configure:3377: result: x86_64-apple-darwin16.4.0
configure:3418: checking how to print strings
configure:3445: result: printf
configure:3478: checking for style of include used by make
configure:3506: result: GNU
configure:3577: checking for gcc
configure:3593: found /usr/bin/gcc
configure:3604: result: gcc
configure:3833: checking for C compiler version
configure:3842: gcc --version >&5
Apple LLVM version 8.0.0 (clang-800.0.42.1)
Target: x86_64-apple-darwin16.4.0
Thread model: posix
InstalledDir: /Applications/Xcode.app/Contents/Developer/Toolchains/XcodeDefault.xctoolchain/usr/bin
Configured with: --prefix=/Applications/Xcode.app/Contents/Developer/usr --with-gxx-include-dir=/Applications/Xcode.app/Contents/Developer/Platforms/MacOSX.platform/Developer/SDKs/MacOSX10.12.sdk/usr/include/c++/4.2.1
configure:3853: $? = 0
configure:3842: gcc -v >&5
Configured with: --prefix=/Applications/Xcode.app/Contents/Developer/usr --with-gxx-include-dir=/Applications/Xcode.app/Contents/Developer/Platforms/MacOSX.platform/Developer/SDKs/MacOSX10.12.sdk/usr/include/c++/4.2.1
Apple LLVM version 8.0.0 (clang-800.0.42.1)
Target: x86_64-apple-darwin16.4.0
Thread model: posix
InstalledDir: /Applications/Xcode.app/Contents/Developer/Toolchains/XcodeDefault.xctoolchain/usr/bin
configure:3853: $? = 0
configure:3842: gcc -V >&5
clang: error: argument to '-V' is missing (expected 1 value)
clang: error: no input files
configure:3853: $? = 1
configure:3842: gcc -qversion >&5
clang: error: unknown argument: '-qversion'
clang: error: no input files
configure:3853: $? = 1
configure:3873: checking whether the C compiler works
configure:3895: gcc -Wall -O3  -DNDEBUG=1   conftest.c  >&5
configure:3899: $? = 0
configure:3947: result: yes
configure:3950: checking for C compiler default output file name
configure:3952: result: a.out
configure:3958: checking for suffix of executables
configure:3965: gcc -o conftest -Wall -O3  -DNDEBUG=1   conftest.c  >&5
configure:3969: $? = 0
configure:3991: result: 
configure:4013: checking whether we are cross compiling
configure:4021: gcc -o conftest -Wall -O3  -DNDEBUG=1   conftest.c  >&5
configure:4025: $? = 0
configure:4032: ./conftest
configure:4036: $? = 0
configure:4051: result: no
configure:4056: checking for suffix of object files
configure:4078: gcc -c -Wall -O3  -DNDEBUG=1  conftest.c >&5
configure:4082: $? = 0
configure:4103: result: o
configure:4107: checking whether we are using the GNU C compiler
configure:4126: gcc -c -Wall -O3  -DNDEBUG=1  conftest.c >&5
configure:4126: $? = 0
configure:4135: result: yes
configure:4144: checking whether gcc accepts -g
configure:4164: gcc -c -g -DNDEBUG=1  conftest.c >&5
configure:4164: $? = 0
configure:4205: result: yes
configure:4222: checking for gcc option to accept ISO C89
configure:4285: gcc  -c -Wall -O3  -DNDEBUG=1  conftest.c >&5
configure:4285: $? = 0
configure:4298: result: none needed
configure:4323: checking whether gcc understands -c and -o together
configure:4345: gcc -c conftest.c -o conftest2.o
configure:4348: $? = 0
configure:4345: gcc -c conftest.c -o conftest2.o
configure:4348: $? = 0
configure:4360: result: yes
configure:4379: checking dependency style of gcc
configure:4490: result: gcc3
configure:4505: checking for a sed that does not truncate output
configure:4569: result: /usr/bin/sed
configure:4587: checking for grep that handles long lines and -e
configure:4645: result: /usr/bin/grep
configure:4650: checking for egrep
configure:4712: result: /usr/bin/grep -E
configure:4717: checking for fgrep
configure:4779: result: /usr/bin/grep -F
configure:4814: checking for ld used by gcc
configure:4881: result: /Applications/Xcode.app/Contents/Developer/Toolchains/XcodeDefault.xctoolchain/usr/bin/ld
configure:4888: checking if the linker (/Applications/Xcode.app/Contents/Developer/Toolchains/XcodeDefault.xctoolchain/usr/bin/ld) is GNU ld
configure:4903: result: no
configure:4915: checking for BSD- or MS-compatible name lister (nm)
configure:4969: result: /usr/bin/nm -B
configure:5099: checking the name lister (/usr/bin/nm -B) interface
configure:5106: gcc -c -Wall -O3  -DNDEBUG=1  conftest.c >&5
configure:5109: /usr/bin/nm -B "conftest.o"
configure:5112: output
0000000000000000 S _some_variable
configure:5119: result: BSD nm
configure:5122: checking whether ln -s works
configure:5126: result: yes
configure:5134: checking the maximum length of command line arguments
configure:5265: result: 196608
configure:5313: checking how to convert x86_64-apple-darwin16.4.0 file names to x86_64-apple-darwin16.4.0 format
configure:5353: result: func_convert_file_noop
configure:5360: checking how to convert x86_64-apple-darwin16.4.0 file names to toolchain format
configure:5380: result: func_convert_file_noop
configure:5387: checking for /Applications/Xcode.app/Contents/Developer/Toolchains/XcodeDefault.xctoolchain/usr/bin/ld option to reload object files
configure:5394: result: -r
configure:5468: checking for objdump
configure:5484: found /usr/bin/objdump
configure:5495: result: objdump
configure:5527: checking how to recognize dependent libraries
configure:5727: result: pass_all
configure:5812: checking for dlltool
configure:5842: result: no
configure:5872: checking how to associate runtime and link libraries
configure:5899: result: printf %s\n
configure:5960: checking for ar
configure:5976: found /usr/bin/ar
configure:5987: result: ar
configure:6024: checking for archiver @FILE support
configure:6041: gcc -c -Wall -O3  -DNDEBUG=1  conftest.c >&5
configure:6041: $? = 0
configure:6044: ar cru libconftest.a @conftest.lst >&5
ar: @conftest.lst: No such file or directory
configure:6047: $? = 1
configure:6067: result: no
configure:6125: checking for strip
configure:6141: found /usr/bin/strip
configure:6152: result: strip
configure:6224: checking for ranlib
configure:6240: found /usr/bin/ranlib
configure:6251: result: ranlib
configure:6353: checking command to parse /usr/bin/nm -B output from gcc object
configure:6506: gcc -c -Wall -O3  -DNDEBUG=1  conftest.c >&5
configure:6509: $? = 0
configure:6513: /usr/bin/nm -B conftest.o \| sed -n -e 's/^.*[ ]\([BCDEGRST][BCDEGRST]*\)[ ][ ]*\([_A-Za-z][_A-Za-z0-9]*\)$/\1 \2 \2/p' | sed '/ __gnu_lto/d' \> conftest.nm
configure:6516: $? = 0
cannot find nm_test_var in conftest.nm
configure:6506: gcc -c -Wall -O3  -DNDEBUG=1  conftest.c >&5
configure:6509: $? = 0
configure:6513: /usr/bin/nm -B conftest.o \| sed -n -e 's/^.*[ ]\([BCDEGRST][BCDEGRST]*\)[ ][ ]*_\([_A-Za-z][_A-Za-z0-9]*\)$/\1 _\2 \2/p' | sed '/ __gnu_lto/d' \> conftest.nm
configure:6516: $? = 0
configure:6582: gcc -o conftest -Wall -O3  -DNDEBUG=1   conftest.c conftstm.o >&5
configure:6585: $? = 0
configure:6623: result: ok
configure:6670: checking for sysroot
configure:6700: result: no
configure:6707: checking for a working dd
configure:6745: result: /bin/dd
configure:6749: checking how to truncate binary pipes
configure:6764: result: /bin/dd bs=4096 count=1
configure:7093: checking for mt
configure:7123: result: no
configure:7143: checking if : is a manifest tool
configure:7149: : '-?'
configure:7157: result: no
configure:7213: checking for dsymutil
configure:7229: found /usr/bin/dsymutil
configure:7240: result: dsymutil
configure:7305: checking for nmedit
configure:7321: found /usr/bin/nmedit
configure:7332: result: nmedit
configure:7397: checking for lipo
configure:7413: found /usr/bin/lipo
configure:7424: result: lipo
configure:7489: checking for otool
configure:7505: found /usr/bin/otool
configure:7516: result: otool
configure:7581: checking for otool64
configure:7611: result: no
configure:7656: checking for -single_module linker flag
gcc -Wall -O3   -o libconftest.dylib -dynamiclib -Wl,-single_module conftest.c
configure:7689: result: yes
configure:7692: checking for -exported_symbols_list linker flag
configure:7712: gcc -o conftest -Wall -O3  -DNDEBUG=1   -Wl,-exported_symbols_list,conftest.sym conftest.c  >&5
configure:7712: $? = 0
configure:7722: result: yes
configure:7725: checking for -force_load linker flag
gcc -Wall -O3  -c -o conftest.o conftest.c
ar cru libconftest.a conftest.o
ranlib libconftest.a
gcc -Wall -O3   -o conftest conftest.c -Wl,-force_load,./libconftest.a
configure:7757: result: yes
configure:7834: checking how to run the C preprocessor
configure:7865: gcc -E -DNDEBUG=1  conftest.c
configure:7865: $? = 0
configure:7879: gcc -E -DNDEBUG=1  conftest.c
conftest.c:11:10: fatal error: 'ac_nonexistent.h' file not found
#include <ac_nonexistent.h>
         ^
1 error generated.
configure:7879: $? = 1
configure: failed program was:
| /* confdefs.h */
| #define PACKAGE_NAME "nemea-modules"
| #define PACKAGE_TARNAME "nemea-modules"
| #define PACKAGE_VERSION "2.5.1"
| #define PACKAGE_STRING "nemea-modules 2.5.1"
| #define PACKAGE_BUGREPORT "nemea@cesnet.cz"
| #define PACKAGE_URL ""
| #define PACKAGE "nemea-modules"
| #define VERSION "2.5.1"
| /* end confdefs.h.  */
| #include <ac_nonexistent.h>
configure:7904: result: gcc -E
configure:7924: gcc -E -DNDEBUG=1  conftest.c
configure:7924: $? = 0
configure:7938: gcc -E -DNDEBUG=1  conftest.c
conftest.c:11:10: fatal error: 'ac_nonexistent.h' file not found
#include <ac_nonexistent.h>
         ^
1 error generated.
configure:7938: $? = 1
configure: failed program was:
| /* confdefs.h */
| #define PACKAGE_NAME "nemea-modules"
| #define PACKAGE_TARNAME "nemea-modules"
| #define PACKAGE_VERSION "2.5.1"
| #define PACKAGE_STRING "nemea-modules 2.5.1"
| #define PACKAGE_BUGREPORT "nemea@cesnet.cz"
| #define PACKAGE_URL ""
| #define PACKAGE "nemea-modules"
| #define VERSION "2.5.1"
| /* end confdefs.h.  */
| #include <ac_nonexistent.h>
configure:7967: checking for ANSI C header files
configure:7987: gcc -c -Wall -O3  -DNDEBUG=1  conftest.c >&5
configure:7987: $? = 0
configure:8060: gcc -o conftest -Wall -O3  -DNDEBUG=1   conftest.c  >&5
configure:8060: $? = 0
configure:8060: ./conftest
configure:8060: $? = 0
configure:8071: result: yes
configure:8084: checking for sys/types.h
configure:8084: gcc -c -Wall -O3  -DNDEBUG=1  conftest.c >&5
configure:8084: $? = 0
configure:8084: result: yes
configure:8084: checking for sys/stat.h
configure:8084: gcc -c -Wall -O3  -DNDEBUG=1  conftest.c >&5
configure:8084: $? = 0
configure:8084: result: yes
configure:8084: checking for stdlib.h
configure:8084: gcc -c -Wall -O3  -DNDEBUG=1  conftest.c >&5
configure:8084: $? = 0
configure:8084: result: yes
configure:8084: checking for string.h
configure:8084: gcc -c -Wall -O3  -DNDEBUG=1  conftest.c >&5
configure:8084: $? = 0
configure:8084: result: yes
configure:8084: checking for memory.h
configure:8084: gcc -c -Wall -O3  -DNDEBUG=1  conftest.c >&5
configure:8084: $? = 0
configure:8084: result: yes
configure:8084: checking for strings.h
configure:8084: gcc -c -Wall -O3  -DNDEBUG=1  conftest.c >&5
configure:8084: $? = 0
configure:8084: result: yes
configure:8084: checking for inttypes.h
configure:8084: gcc -c -Wall -O3  -DNDEBUG=1  conftest.c >&5
configure:8084: $? = 0
configure:8084: result: yes
configure:8084: checking for stdint.h
configure:8084: gcc -c -Wall -O3  -DNDEBUG=1  conftest.c >&5
configure:8084: $? = 0
configure:8084: result: yes
configure:8084: checking for unistd.h
configure:8084: gcc -c -Wall -O3  -DNDEBUG=1  conftest.c >&5
configure:8084: $? = 0
configure:8084: result: yes
configure:8098: checking for dlfcn.h
configure:8098: gcc -c -Wall -O3  -DNDEBUG=1  conftest.c >&5
configure:8098: $? = 0
configure:8098: result: yes
configure:8354: checking for objdir
configure:8369: result: .libs
configure:8633: checking if gcc supports -fno-rtti -fno-exceptions
configure:8651: gcc -c -Wall -O3  -DNDEBUG=1  -fno-rtti -fno-exceptions conftest.c >&5
configure:8655: $? = 0
configure:8668: result: yes
configure:9026: checking for gcc option to produce PIC
configure:9033: result: -fno-common -DPIC
configure:9041: checking if gcc PIC flag -fno-common -DPIC works
configure:9059: gcc -c -Wall -O3  -DNDEBUG=1  -fno-common -DPIC -DPIC conftest.c >&5
configure:9063: $? = 0
configure:9076: result: yes
configure:9105: checking if gcc static flag -static works
configure:9133: result: no
configure:9148: checking if gcc supports -c -o file.o
configure:9169: gcc -c -Wall -O3  -DNDEBUG=1  -o out/conftest2.o conftest.c >&5
configure:9173: $? = 0
configure:9195: result: yes
configure:9203: checking if gcc supports -c -o file.o
configure:9250: result: yes
configure:9283: checking whether the gcc linker (/Applications/Xcode.app/Contents/Developer/Toolchains/XcodeDefault.xctoolchain/usr/bin/ld) supports shared libraries
configure:10542: result: yes
configure:10782: checking dynamic linker characteristics
configure:11600: result: darwin16.4.0 dyld
configure:11722: checking how to hardcode library paths into programs
configure:11747: result: immediate
configure:12295: checking whether stripping libraries is possible
configure:12309: result: yes
configure:12335: checking if libtool supports shared libraries
configure:12337: result: yes
configure:12340: checking whether to build shared libraries
configure:12365: result: yes
configure:12368: checking whether to build static libraries
configure:12372: result: yes
configure:12497: checking for gcc option to accept ISO C99
configure:12646: gcc  -c -Wall -O3  -DNDEBUG=1  conftest.c >&5
configure:12646: $? = 0
configure:12659: result: none needed
configure:12733: checking for g++
configure:12749: found /usr/bin/g++
configure:12760: result: g++
configure:12787: checking for C++ compiler version
configure:12796: g++ --version >&5
Apple LLVM version 8.0.0 (clang-800.0.42.1)
Target: x86_64-apple-darwin16.4.0
Thread model: posix
InstalledDir: /Applications/Xcode.app/Contents/Developer/Toolchains/XcodeDefault.xctoolchain/usr/bin
Configured with: --prefix=/Applications/Xcode.app/Contents/Developer/usr --with-gxx-include-dir=/Applications/Xcode.app/Contents/Developer/Platforms/MacOSX.platform/Developer/SDKs/MacOSX10.12.sdk/usr/include/c++/4.2.1
configure:12807: $? = 0
configure:12796: g++ -v >&5
Configured with: --prefix=/Applications/Xcode.app/Contents/Developer/usr --with-gxx-include-dir=/Applications/Xcode.app/Contents/Developer/Platforms/MacOSX.platform/Developer/SDKs/MacOSX10.12.sdk/usr/include/c++/4.2.1
Apple LLVM version 8.0.0 (clang-800.0.42.1)
Target: x86_64-apple-darwin16.4.0
Thread model: posix
InstalledDir: /Applications/Xcode.app/Contents/Developer/Toolchains/XcodeDefault.xctoolchain/usr/bin
configure:12807: $? = 0
configure:12796: g++ -V >&5
clang: error: argument to '-V' is missing (expected 1 value)
clang: error: no input files
configure:12807: $? = 1
configure:12796: g++ -qversion >&5
clang: error: unknown argument: '-qversion'
clang: error: no input files
configure:12807: $? = 1
configure:12811: checking whether we are using the GNU C++ compiler
configure:12830: g++ -c -Wall -O3  -DNDEBUG=1  conftest.cpp >&5
configure:12830: $? = 0
configure:12839: result: yes
configure:12848: checking whether g++ accepts -g
configure:12868: g++ -c -g -DNDEBUG=1  conftest.cpp >&5
configure:12868: $? = 0
configure:12909: result: yes
configure:12934: checking dependency style of g++
configure:13045: result: gcc3
configure:13078: checking how to run the C++ preprocessor
configure:13105: g++ -E -DNDEBUG=1  conftest.cpp
configure:13105: $? = 0
configure:13119: g++ -E -DNDEBUG=1  conftest.cpp
conftest.cpp:27:10: fatal error: 'ac_nonexistent.h' file not found
#include <ac_nonexistent.h>
         ^
1 error generated.
configure:13119: $? = 1
configure: failed program was:
| /* confdefs.h */
| #define PACKAGE_NAME "nemea-modules"
| #define PACKAGE_TARNAME "nemea-modules"
| #define PACKAGE_VERSION "2.5.1"
| #define PACKAGE_STRING "nemea-modules 2.5.1"
| #define PACKAGE_BUGREPORT "nemea@cesnet.cz"
| #define PACKAGE_URL ""
| #define PACKAGE "nemea-modules"
| #define VERSION "2.5.1"
| #define STDC_HEADERS 1
| #define HAVE_SYS_TYPES_H 1
| #define HAVE_SYS_STAT_H 1
| #define HAVE_STDLIB_H 1
| #define HAVE_STRING_H 1
| #define HAVE_MEMORY_H 1
| #define HAVE_STRINGS_H 1
| #define HAVE_INTTYPES_H 1
| #define HAVE_STDINT_H 1
| #define HAVE_UNISTD_H 1
| #define HAVE_DLFCN_H 1
| #define LT_OBJDIR ".libs/"
| #define PKGDATADIR "/usr/local/share/nemea"
| #define SYSCONFDIR "/usr/local/etc/nemea"
| #define BINDIR "/usr/local/bin"
| #define DEVICECLASSIFIERDATADIR "/usr/local/share/nemea/device_classifier"
| /* end confdefs.h.  */
| #include <ac_nonexistent.h>
configure:13144: result: g++ -E
configure:13164: g++ -E -DNDEBUG=1  conftest.cpp
configure:13164: $? = 0
configure:13178: g++ -E -DNDEBUG=1  conftest.cpp
conftest.cpp:27:10: fatal error: 'ac_nonexistent.h' file not found
#include <ac_nonexistent.h>
         ^
1 error generated.
configure:13178: $? = 1
configure: failed program was:
| /* confdefs.h */
| #define PACKAGE_NAME "nemea-modules"
| #define PACKAGE_TARNAME "nemea-modules"
| #define PACKAGE_VERSION "2.5.1"
| #define PACKAGE_STRING "nemea-modules 2.5.1"
| #define PACKAGE_BUGREPORT "nemea@cesnet.cz"
| #define PACKAGE_URL ""
| #define PACKAGE "nemea-modules"
| #define VERSION "2.5.1"
| #define STDC_HEADERS 1
| #define HAVE_SYS_TYPES_H 1
| #define HAVE_SYS_STAT_H 1
| #define HAVE_STDLIB_H 1
| #define HAVE_STRING_H 1
| #define HAVE_MEMORY_H 1
| #define HAVE_STRINGS_H 1
| #define HAVE_INTTYPES_H 1
| #define HAVE_STDINT_H 1
| #define HAVE_UNISTD_H 1
| #define HAVE_DLFCN_H 1
| #define LT_OBJDIR ".libs/"
| #define PKGDATADIR "/usr/local/share/nemea"
| #define SYSCONFDIR "/usr/local/etc/nemea"
| #define BINDIR "/usr/local/bin"
| #define DEVICECLASSIFIERDATADIR "/usr/local/share/nemea/device_classifier"
| /* end confdefs.h.  */
| #include <ac_nonexistent.h>
configure:13340: checking for ld used by g++
configure:13407: result: /Applications/Xcode.app/Contents/Developer/Toolchains/XcodeDefault.xctoolchain/usr/bin/ld
configure:13414: checking if the linker (/Applications/Xcode.app/Contents/Developer/Toolchains/XcodeDefault.xctoolchain/usr/bin/ld) is GNU ld
configure:13429: result: no
configure:13484: checking whether the g++ linker (/Applications/Xcode.app/Contents/Developer/Toolchains/XcodeDefault.xctoolchain/usr/bin/ld) supports shared libraries
configure:14557: result: yes
configure:14593: g++ -c -Wall -O3  -DNDEBUG=1  conftest.cpp >&5
configure:14596: $? = 0
configure:15077: checking for g++ option to produce PIC
configure:15084: result: -fno-common -DPIC
configure:15092: checking if g++ PIC flag -fno-common -DPIC works
configure:15110: g++ -c -Wall -O3  -DNDEBUG=1  -fno-common -DPIC -DPIC conftest.cpp >&5
configure:15114: $? = 0
configure:15127: result: yes
configure:15150: checking if g++ static flag -static works
configure:15178: result: no
configure:15190: checking if g++ supports -c -o file.o
configure:15211: g++ -c -Wall -O3  -DNDEBUG=1  -o out/conftest2.o conftest.cpp >&5
configure:15215: $? = 0
configure:15237: result: yes
configure:15242: checking if g++ supports -c -o file.o
configure:15289: result: yes
configure:15319: checking whether the g++ linker (/Applications/Xcode.app/Contents/Developer/Toolchains/XcodeDefault.xctoolchain/usr/bin/ld) supports shared libraries
configure:15359: result: yes
configure:15500: checking dynamic linker characteristics
configure:16245: result: darwin16.4.0 dyld
configure:16310: checking how to hardcode library paths into programs
configure:16335: result: immediate
configure:16379: checking for gawk
configure:16406: result: awk
configure:16422: checking how to run the C preprocessor
configure:16492: result: gcc -E
configure:16512: gcc -E -DNDEBUG=1  conftest.c
configure:16512: $? = 0
configure:16526: gcc -E -DNDEBUG=1  conftest.c
conftest.c:27:10: fatal error: 'ac_nonexistent.h' file not found
#include <ac_nonexistent.h>
         ^
1 error generated.
configure:16526: $? = 1
configure: failed program was:
| /* confdefs.h */
| #define PACKAGE_NAME "nemea-modules"
| #define PACKAGE_TARNAME "nemea-modules"
| #define PACKAGE_VERSION "2.5.1"
| #define PACKAGE_STRING "nemea-modules 2.5.1"
| #define PACKAGE_BUGREPORT "nemea@cesnet.cz"
| #define PACKAGE_URL ""
| #define PACKAGE "nemea-modules"
| #define VERSION "2.5.1"
| #define STDC_HEADERS 1
| #define HAVE_SYS_TYPES_H 1
| #define HAVE_SYS_STAT_H 1
| #define HAVE_STDLIB_H 1
| #define HAVE_STRING_H 1
| #define HAVE_MEMORY_H 1
| #define HAVE_STRINGS_H 1
| #define HAVE_INTTYPES_H 1
| #define HAVE_STDINT_H 1
| #define HAVE_UNISTD_H 1
| #define HAVE_DLFCN_H 1
| #define LT_OBJDIR ".libs/"
| #define PKGDATADIR "/usr/local/share/nemea"
| #define SYSCONFDIR "/usr/local/etc/nemea"
| #define BINDIR "/usr/local/bin"
| #define DEVICECLASSIFIERDATADIR "/usr/local/share/nemea/device_classifier"
| /* end confdefs.h.  */
| #include <ac_nonexistent.h>
configure:16555: checking whether ln -s works
configure:16559: result: yes
configure:16566: checking whether make sets $(MAKE)
configure:16588: result: yes
configure:16599: checking for python
configure:16615: found /usr/bin/python
configure:16627: result: python
configure:16639: checking for rpmbuild
configure:16670: result: no
configure:16787: checking if compiler needs -Werror to reject unknown flags
configure:16803: gcc -c -Wall -O3  -Werror -Wunknown-warning-option -Wsizeof-array-argument -DNDEBUG=1  conftest.c >&5
configure:16803: $? = 0
configure:16804: result: yes
configure:16824: checking whether pthreads work with -pthread
configure:16912: gcc -o conftest -Wall -O3  -pthread -Werror -DNDEBUG=1   conftest.c   >&5
configure:16912: $? = 0
configure:16921: result: yes
configure:16940: checking for joinable pthread attribute
configure:16955: gcc -o conftest -Wall -O3  -pthread -DNDEBUG=1   conftest.c   >&5
configure:16955: $? = 0
configure:16961: result: PTHREAD_CREATE_JOINABLE
configure:16971: checking if more special flags are required for pthreads
configure:16986: result: -D_THREAD_SAFE
configure:16992: checking for PTHREAD_PRIO_INHERIT
configure:17009: gcc -o conftest -Wall -O3  -pthread -DNDEBUG=1   conftest.c   >&5
conftest.c:31:5: warning: unused variable 'i' [-Wunused-variable]
int i = PTHREAD_PRIO_INHERIT;
    ^
1 warning generated.
configure:17009: $? = 0
configure:17018: result: yes
configure:17131: checking whether byte ordering is bigendian
configure:17153: gcc -c -Wall -O3  -D_THREAD_SAFE -pthread -DNDEBUG=1  conftest.c >&5
configure:17153: $? = 0
configure:17170: gcc -c -Wall -O3  -D_THREAD_SAFE -pthread -DNDEBUG=1  conftest.c >&5
conftest.c:35:2: error: use of undeclared identifier 'not'
 not big endian
 ^
1 error generated.
configure:17170: $? = 1
configure: failed program was:
| /* confdefs.h */
| #define PACKAGE_NAME "nemea-modules"
| #define PACKAGE_TARNAME "nemea-modules"
| #define PACKAGE_VERSION "2.5.1"
| #define PACKAGE_STRING "nemea-modules 2.5.1"
| #define PACKAGE_BUGREPORT "nemea@cesnet.cz"
| #define PACKAGE_URL ""
| #define PACKAGE "nemea-modules"
| #define VERSION "2.5.1"
| #define STDC_HEADERS 1
| #define HAVE_SYS_TYPES_H 1
| #define HAVE_SYS_STAT_H 1
| #define HAVE_STDLIB_H 1
| #define HAVE_STRING_H 1
| #define HAVE_MEMORY_H 1
| #define HAVE_STRINGS_H 1
| #define HAVE_INTTYPES_H 1
| #define HAVE_STDINT_H 1
| #define HAVE_UNISTD_H 1
| #define HAVE_DLFCN_H 1
| #define LT_OBJDIR ".libs/"
| #define PKGDATADIR "/usr/local/share/nemea"
| #define SYSCONFDIR "/usr/local/etc/nemea"
| #define BINDIR "/usr/local/bin"
| #define DEVICECLASSIFIERDATADIR "/usr/local/share/nemea/device_classifier"
| #define HAVE_PTHREAD_PRIO_INHERIT 1
| /* end confdefs.h.  */
| #include <sys/types.h>
| #include <sys/param.h>
| int
| main ()
| {
| 
| #if BYTE_ORDER != BIG_ENDIAN
|  not big endian
| #endif
|   ;
|   return 0;
| }
configure:17206: result: no
configure:17261: checking for OpenMP flag of C compiler
configure:17303: gcc -o conftest -Wall -O3  -D_THREAD_SAFE -pthread -fopenmp -DNDEBUG=1   conftest.c   >&5
clang: error: unsupported option '-fopenmp'
clang: error: unsupported option '-fopenmp'
configure:17303: $? = 1
configure: failed program was:
| /* confdefs.h */
| #define PACKAGE_NAME "nemea-modules"
| #define PACKAGE_TARNAME "nemea-modules"
| #define PACKAGE_VERSION "2.5.1"
| #define PACKAGE_STRING "nemea-modules 2.5.1"
| #define PACKAGE_BUGREPORT "nemea@cesnet.cz"
| #define PACKAGE_URL ""
| #define PACKAGE "nemea-modules"
| #define VERSION "2.5.1"
| #define STDC_HEADERS 1
| #define HAVE_SYS_TYPES_H 1
| #define HAVE_SYS_STAT_H 1
| #define HAVE_STDLIB_H 1
| #define HAVE_STRING_H 1
| #define HAVE_MEMORY_H 1
| #define HAVE_STRINGS_H 1
| #define HAVE_INTTYPES_H 1
| #define HAVE_STDINT_H 1
| #define HAVE_UNISTD_H 1
| #define HAVE_DLFCN_H 1
| #define LT_OBJDIR ".libs/"
| #define PKGDATADIR "/usr/local/share/nemea"
| #define SYSCONFDIR "/usr/local/etc/nemea"
| #define BINDIR "/usr/local/bin"
| #define DEVICECLASSIFIERDATADIR "/usr/local/share/nemea/device_classifier"
| #define HAVE_PTHREAD_PRIO_INHERIT 1
| #define BYTEORDER 1234
| /* end confdefs.h.  */
| 
| #include <omp.h>
| 
| static void
| parallel_fill(int * data, int n)
| {
|   int i;
| #pragma omp parallel for
|   for (i = 0; i < n; ++i)
|     data[i] = i;
| }
| 
| int
| main()
| {
|   int arr[100000];
|   omp_set_num_threads(2);
|   parallel_fill(arr, 100000);
|   return 0;
| }
| 
configure:17303: gcc -o conftest -Wall -O3  -D_THREAD_SAFE -pthread -openmp -DNDEBUG=1   conftest.c   >&5
conftest.c:30:10: fatal error: 'omp.h' file not found
#include <omp.h>
         ^
1 error generated.
configure:17303: $? = 1
configure: failed program was:
| /* confdefs.h */
| #define PACKAGE_NAME "nemea-modules"
| #define PACKAGE_TARNAME "nemea-modules"
| #define PACKAGE_VERSION "2.5.1"
| #define PACKAGE_STRING "nemea-modules 2.5.1"
| #define PACKAGE_BUGREPORT "nemea@cesnet.cz"
| #define PACKAGE_URL ""
| #define PACKAGE "nemea-modules"
| #define VERSION "2.5.1"
| #define STDC_HEADERS 1
| #define HAVE_SYS_TYPES_H 1
| #define HAVE_SYS_STAT_H 1
| #define HAVE_STDLIB_H 1
| #define HAVE_STRING_H 1
| #define HAVE_MEMORY_H 1
| #define HAVE_STRINGS_H 1
| #define HAVE_INTTYPES_H 1
| #define HAVE_STDINT_H 1
| #define HAVE_UNISTD_H 1
| #define HAVE_DLFCN_H 1
| #define LT_OBJDIR ".libs/"
| #define PKGDATADIR "/usr/local/share/nemea"
| #define SYSCONFDIR "/usr/local/etc/nemea"
| #define BINDIR "/usr/local/bin"
| #define DEVICECLASSIFIERDATADIR "/usr/local/share/nemea/device_classifier"
| #define HAVE_PTHREAD_PRIO_INHERIT 1
| #define BYTEORDER 1234
| /* end confdefs.h.  */
| 
| #include <omp.h>
| 
| static void
| parallel_fill(int * data, int n)
| {
|   int i;
| #pragma omp parallel for
|   for (i = 0; i < n; ++i)
|     data[i] = i;
| }
| 
| int
| main()
| {
|   int arr[100000];
|   omp_set_num_threads(2);
|   parallel_fill(arr, 100000);
|   return 0;
| }
| 
configure:17303: gcc -o conftest -Wall -O3  -D_THREAD_SAFE -pthread -mp -DNDEBUG=1   conftest.c   >&5
clang: error: unknown argument: '-mp'
configure:17303: $? = 1
configure: failed program was:
| /* confdefs.h */
| #define PACKAGE_NAME "nemea-modules"
| #define PACKAGE_TARNAME "nemea-modules"
| #define PACKAGE_VERSION "2.5.1"
| #define PACKAGE_STRING "nemea-modules 2.5.1"
| #define PACKAGE_BUGREPORT "nemea@cesnet.cz"
| #define PACKAGE_URL ""
| #define PACKAGE "nemea-modules"
| #define VERSION "2.5.1"
| #define STDC_HEADERS 1
| #define HAVE_SYS_TYPES_H 1
| #define HAVE_SYS_STAT_H 1
| #define HAVE_STDLIB_H 1
| #define HAVE_STRING_H 1
| #define HAVE_MEMORY_H 1
| #define HAVE_STRINGS_H 1
| #define HAVE_INTTYPES_H 1
| #define HAVE_STDINT_H 1
| #define HAVE_UNISTD_H 1
| #define HAVE_DLFCN_H 1
| #define LT_OBJDIR ".libs/"
| #define PKGDATADIR "/usr/local/share/nemea"
| #define SYSCONFDIR "/usr/local/etc/nemea"
| #define BINDIR "/usr/local/bin"
| #define DEVICECLASSIFIERDATADIR "/usr/local/share/nemea/device_classifier"
| #define HAVE_PTHREAD_PRIO_INHERIT 1
| #define BYTEORDER 1234
| /* end confdefs.h.  */
| 
| #include <omp.h>
| 
| static void
| parallel_fill(int * data, int n)
| {
|   int i;
| #pragma omp parallel for
|   for (i = 0; i < n; ++i)
|     data[i] = i;
| }
| 
| int
| main()
| {
|   int arr[100000];
|   omp_set_num_threads(2);
|   parallel_fill(arr, 100000);
|   return 0;
| }
| 
configure:17303: gcc -o conftest -Wall -O3  -D_THREAD_SAFE -pthread -xopenmp -DNDEBUG=1   conftest.c   >&5
clang: error: language not recognized: 'openmp'
configure:17303: $? = 1
configure: failed program was:
| /* confdefs.h */
| #define PACKAGE_NAME "nemea-modules"
| #define PACKAGE_TARNAME "nemea-modules"
| #define PACKAGE_VERSION "2.5.1"
| #define PACKAGE_STRING "nemea-modules 2.5.1"
| #define PACKAGE_BUGREPORT "nemea@cesnet.cz"
| #define PACKAGE_URL ""
| #define PACKAGE "nemea-modules"
| #define VERSION "2.5.1"
| #define STDC_HEADERS 1
| #define HAVE_SYS_TYPES_H 1
| #define HAVE_SYS_STAT_H 1
| #define HAVE_STDLIB_H 1
| #define HAVE_STRING_H 1
| #define HAVE_MEMORY_H 1
| #define HAVE_STRINGS_H 1
| #define HAVE_INTTYPES_H 1
| #define HAVE_STDINT_H 1
| #define HAVE_UNISTD_H 1
| #define HAVE_DLFCN_H 1
| #define LT_OBJDIR ".libs/"
| #define PKGDATADIR "/usr/local/share/nemea"
| #define SYSCONFDIR "/usr/local/etc/nemea"
| #define BINDIR "/usr/local/bin"
| #define DEVICECLASSIFIERDATADIR "/usr/local/share/nemea/device_classifier"
| #define HAVE_PTHREAD_PRIO_INHERIT 1
| #define BYTEORDER 1234
| /* end confdefs.h.  */
| 
| #include <omp.h>
| 
| static void
| parallel_fill(int * data, int n)
| {
|   int i;
| #pragma omp parallel for
|   for (i = 0; i < n; ++i)
|     data[i] = i;
| }
| 
| int
| main()
| {
|   int arr[100000];
|   omp_set_num_threads(2);
|   parallel_fill(arr, 100000);
|   return 0;
| }
| 
configure:17303: gcc -o conftest -Wall -O3  -D_THREAD_SAFE -pthread -omp -DNDEBUG=1   conftest.c   >&5
conftest.c:30:10: fatal error: 'omp.h' file not found
#include <omp.h>
         ^
1 error generated.
configure:17303: $? = 1
configure: failed program was:
| /* confdefs.h */
| #define PACKAGE_NAME "nemea-modules"
| #define PACKAGE_TARNAME "nemea-modules"
| #define PACKAGE_VERSION "2.5.1"
| #define PACKAGE_STRING "nemea-modules 2.5.1"
| #define PACKAGE_BUGREPORT "nemea@cesnet.cz"
| #define PACKAGE_URL ""
| #define PACKAGE "nemea-modules"
| #define VERSION "2.5.1"
| #define STDC_HEADERS 1
| #define HAVE_SYS_TYPES_H 1
| #define HAVE_SYS_STAT_H 1
| #define HAVE_STDLIB_H 1
| #define HAVE_STRING_H 1
| #define HAVE_MEMORY_H 1
| #define HAVE_STRINGS_H 1
| #define HAVE_INTTYPES_H 1
| #define HAVE_STDINT_H 1
| #define HAVE_UNISTD_H 1
| #define HAVE_DLFCN_H 1
| #define LT_OBJDIR ".libs/"
| #define PKGDATADIR "/usr/local/share/nemea"
| #define SYSCONFDIR "/usr/local/etc/nemea"
| #define BINDIR "/usr/local/bin"
| #define DEVICECLASSIFIERDATADIR "/usr/local/share/nemea/device_classifier"
| #define HAVE_PTHREAD_PRIO_INHERIT 1
| #define BYTEORDER 1234
| /* end confdefs.h.  */
| 
| #include <omp.h>
| 
| static void
| parallel_fill(int * data, int n)
| {
|   int i;
| #pragma omp parallel for
|   for (i = 0; i < n; ++i)
|     data[i] = i;
| }
| 
| int
| main()
| {
|   int arr[100000];
|   omp_set_num_threads(2);
|   parallel_fill(arr, 100000);
|   return 0;
| }
| 
configure:17303: gcc -o conftest -Wall -O3  -D_THREAD_SAFE -pthread -qsmp=omp -DNDEBUG=1   conftest.c   >&5
clang: error: unknown argument: '-qsmp=omp'
configure:17303: $? = 1
configure: failed program was:
| /* confdefs.h */
| #define PACKAGE_NAME "nemea-modules"
| #define PACKAGE_TARNAME "nemea-modules"
| #define PACKAGE_VERSION "2.5.1"
| #define PACKAGE_STRING "nemea-modules 2.5.1"
| #define PACKAGE_BUGREPORT "nemea@cesnet.cz"
| #define PACKAGE_URL ""
| #define PACKAGE "nemea-modules"
| #define VERSION "2.5.1"
| #define STDC_HEADERS 1
| #define HAVE_SYS_TYPES_H 1
| #define HAVE_SYS_STAT_H 1
| #define HAVE_STDLIB_H 1
| #define HAVE_STRING_H 1
| #define HAVE_MEMORY_H 1
| #define HAVE_STRINGS_H 1
| #define HAVE_INTTYPES_H 1
| #define HAVE_STDINT_H 1
| #define HAVE_UNISTD_H 1
| #define HAVE_DLFCN_H 1
| #define LT_OBJDIR ".libs/"
| #define PKGDATADIR "/usr/local/share/nemea"
| #define SYSCONFDIR "/usr/local/etc/nemea"
| #define BINDIR "/usr/local/bin"
| #define DEVICECLASSIFIERDATADIR "/usr/local/share/nemea/device_classifier"
| #define HAVE_PTHREAD_PRIO_INHERIT 1
| #define BYTEORDER 1234
| /* end confdefs.h.  */
| 
| #include <omp.h>
| 
| static void
| parallel_fill(int * data, int n)
| {
|   int i;
| #pragma omp parallel for
|   for (i = 0; i < n; ++i)
|     data[i] = i;
| }
| 
| int
| main()
| {
|   int arr[100000];
|   omp_set_num_threads(2);
|   parallel_fill(arr, 100000);
|   return 0;
| }
| 
configure:17303: gcc -o conftest  -DNDEBUG=1   conftest.c   >&5
conftest.c:30:10: fatal error: 'omp.h' file not found
#include <omp.h>
         ^
1 error generated.
configure:17303: $? = 1
configure: failed program was:
| /* confdefs.h */
| #define PACKAGE_NAME "nemea-modules"
| #define PACKAGE_TARNAME "nemea-modules"
| #define PACKAGE_VERSION "2.5.1"
| #define PACKAGE_STRING "nemea-modules 2.5.1"
| #define PACKAGE_BUGREPORT "nemea@cesnet.cz"
| #define PACKAGE_URL ""
| #define PACKAGE "nemea-modules"
| #define VERSION "2.5.1"
| #define STDC_HEADERS 1
| #define HAVE_SYS_TYPES_H 1
| #define HAVE_SYS_STAT_H 1
| #define HAVE_STDLIB_H 1
| #define HAVE_STRING_H 1
| #define HAVE_MEMORY_H 1
| #define HAVE_STRINGS_H 1
| #define HAVE_INTTYPES_H 1
| #define HAVE_STDINT_H 1
| #define HAVE_UNISTD_H 1
| #define HAVE_DLFCN_H 1
| #define LT_OBJDIR ".libs/"
| #define PKGDATADIR "/usr/local/share/nemea"
| #define SYSCONFDIR "/usr/local/etc/nemea"
| #define BINDIR "/usr/local/bin"
| #define DEVICECLASSIFIERDATADIR "/usr/local/share/nemea/device_classifier"
| #define HAVE_PTHREAD_PRIO_INHERIT 1
| #define BYTEORDER 1234
| /* end confdefs.h.  */
| 
| #include <omp.h>
| 
| static void
| parallel_fill(int * data, int n)
| {
|   int i;
| #pragma omp parallel for
|   for (i = 0; i < n; ++i)
|     data[i] = i;
| }
| 
| int
| main()
| {
|   int arr[100000];
|   omp_set_num_threads(2);
|   parallel_fill(arr, 100000);
|   return 0;
| }
| 
configure:17312: result: unknown
configure:17315: error: OpenMP was not found. Some modules need it (e.g. merger)

## ---------------- ##
## Cache variables. ##
## ---------------- ##

ac_cv_build=x86_64-apple-darwin16.4.0
ac_cv_c_bigendian=no
ac_cv_c_compiler_gnu=yes
ac_cv_cxx_compiler_gnu=yes
ac_cv_env_CCC_set=
ac_cv_env_CCC_value=
ac_cv_env_CC_set=
ac_cv_env_CC_value=
ac_cv_env_CFLAGS_set=
ac_cv_env_CFLAGS_value=
ac_cv_env_CPPFLAGS_set=
ac_cv_env_CPPFLAGS_value=
ac_cv_env_CPP_set=
ac_cv_env_CPP_value=
ac_cv_env_CXXCPP_set=
ac_cv_env_CXXCPP_value=
ac_cv_env_CXXFLAGS_set=
ac_cv_env_CXXFLAGS_value=
ac_cv_env_CXX_set=
ac_cv_env_CXX_value=
ac_cv_env_LDFLAGS_set=
ac_cv_env_LDFLAGS_value=
ac_cv_env_LIBS_set=
ac_cv_env_LIBS_value=
ac_cv_env_LT_SYS_LIBRARY_PATH_set=
ac_cv_env_LT_SYS_LIBRARY_PATH_value=
ac_cv_env_PKG_CONFIG_LIBDIR_set=
ac_cv_env_PKG_CONFIG_LIBDIR_value=
ac_cv_env_PKG_CONFIG_PATH_set=
ac_cv_env_PKG_CONFIG_PATH_value=
ac_cv_env_PKG_CONFIG_set=
ac_cv_env_PKG_CONFIG_value=
ac_cv_env_build_alias_set=
ac_cv_env_build_alias_value=
ac_cv_env_host_alias_set=
ac_cv_env_host_alias_value=
ac_cv_env_libtrap_CFLAGS_set=
ac_cv_env_libtrap_CFLAGS_value=
ac_cv_env_libtrap_LIBS_set=
ac_cv_env_libtrap_LIBS_value=
ac_cv_env_nemeacommon_CFLAGS_set=
ac_cv_env_nemeacommon_CFLAGS_value=
ac_cv_env_nemeacommon_LIBS_set=
ac_cv_env_nemeacommon_LIBS_value=
ac_cv_env_target_alias_set=
ac_cv_env_target_alias_value=
ac_cv_env_unirec_CFLAGS_set=
ac_cv_env_unirec_CFLAGS_value=
ac_cv_env_unirec_LIBS_set=
ac_cv_env_unirec_LIBS_value=
ac_cv_header_dlfcn_h=yes
ac_cv_header_inttypes_h=yes
ac_cv_header_memory_h=yes
ac_cv_header_stdc=yes
ac_cv_header_stdint_h=yes
ac_cv_header_stdlib_h=yes
ac_cv_header_string_h=yes
ac_cv_header_strings_h=yes
ac_cv_header_sys_stat_h=yes
ac_cv_header_sys_types_h=yes
ac_cv_header_unistd_h=yes
ac_cv_host=x86_64-apple-darwin16.4.0
ac_cv_objext=o
ac_cv_path_EGREP='/usr/bin/grep -E'
ac_cv_path_FGREP='/usr/bin/grep -F'
ac_cv_path_GREP=/usr/bin/grep
ac_cv_path_SED=/usr/bin/sed
ac_cv_path_install='/usr/bin/install -c'
ac_cv_path_lt_DD=/bin/dd
ac_cv_prog_AWK=awk
ac_cv_prog_CPP='gcc -E'
ac_cv_prog_CXXCPP='g++ -E'
ac_cv_prog_PYTHON=python
ac_cv_prog_RPMBUILD=
ac_cv_prog_ac_ct_AR=ar
ac_cv_prog_ac_ct_CC=gcc
ac_cv_prog_ac_ct_CXX=g++
ac_cv_prog_ac_ct_DSYMUTIL=dsymutil
ac_cv_prog_ac_ct_LIPO=lipo
ac_cv_prog_ac_ct_NMEDIT=nmedit
ac_cv_prog_ac_ct_OBJDUMP=objdump
ac_cv_prog_ac_ct_OTOOL=otool
ac_cv_prog_ac_ct_RANLIB=ranlib
ac_cv_prog_ac_ct_STRIP=strip
ac_cv_prog_cc_c89=
ac_cv_prog_cc_c99=
ac_cv_prog_cc_g=yes
ac_cv_prog_cxx_g=yes
ac_cv_prog_make_make_set=yes
am_cv_CC_dependencies_compiler_type=gcc3
am_cv_CXX_dependencies_compiler_type=gcc3
am_cv_make_support_nested_variables=yes
am_cv_prog_cc_c_o=yes
ax_cv_PTHREAD_PRIO_INHERIT=yes
ax_cv_c_openmp=unknown
lt_cv_apple_cc_single_mod=yes
lt_cv_ar_at_file=no
lt_cv_deplibs_check_method=pass_all
lt_cv_file_magic_cmd='$MAGIC_CMD'
lt_cv_file_magic_test_file=
lt_cv_ld_exported_symbols_list=yes
lt_cv_ld_force_load=yes
lt_cv_ld_reload_flag=-r
lt_cv_nm_interface='BSD nm'
lt_cv_objdir=.libs
lt_cv_path_LD=/Applications/Xcode.app/Contents/Developer/Toolchains/XcodeDefault.xctoolchain/usr/bin/ld
lt_cv_path_LDCXX=/Applications/Xcode.app/Contents/Developer/Toolchains/XcodeDefault.xctoolchain/usr/bin/ld
lt_cv_path_NM='/usr/bin/nm -B'
lt_cv_path_mainfest_tool=no
lt_cv_prog_compiler_c_o=yes
lt_cv_prog_compiler_c_o_CXX=yes
lt_cv_prog_compiler_pic='-fno-common -DPIC'
lt_cv_prog_compiler_pic_CXX='-fno-common -DPIC'
lt_cv_prog_compiler_pic_works=yes
lt_cv_prog_compiler_pic_works_CXX=yes
lt_cv_prog_compiler_rtti_exceptions=yes
lt_cv_prog_compiler_static_works=no
lt_cv_prog_compiler_static_works_CXX=no
lt_cv_prog_gnu_ld=no
lt_cv_prog_gnu_ldcxx=no
lt_cv_sharedlib_from_linklib_cmd='printf %s\n'
lt_cv_sys_global_symbol_pipe='sed -n -e '\''s/^.*[	 ]\([BCDEGRST][BCDEGRST]*\)[	 ][	 ]*_\([_A-Za-z][_A-Za-z0-9]*\)$/\1 _\2 \2/p'\'' | sed '\''/ __gnu_lto/d'\'''
lt_cv_sys_global_symbol_to_c_name_address='sed -n -e '\''s/^: \(.*\) .*$/  {"\1", (void *) 0},/p'\'' -e '\''s/^[BCDEGRST][BCDEGRST]* .* \(.*\)$/  {"\1", (void *) \&\1},/p'\'''
lt_cv_sys_global_symbol_to_c_name_address_lib_prefix='sed -n -e '\''s/^: \(.*\) .*$/  {"\1", (void *) 0},/p'\'' -e '\''s/^[BCDEGRST][BCDEGRST]* .* \(lib.*\)$/  {"\1", (void *) \&\1},/p'\'' -e '\''s/^[BCDEGRST][BCDEGRST]* .* \(.*\)$/  {"lib\1", (void *) \&\1},/p'\'''
lt_cv_sys_global_symbol_to_cdecl='sed -n -e '\''s/^T .* \(.*\)$/extern int \1();/p'\'' -e '\''s/^[BCDEGRST][BCDEGRST]* .* \(.*\)$/extern char \1;/p'\'''
lt_cv_sys_global_symbol_to_import=
lt_cv_sys_max_cmd_len=196608
lt_cv_to_host_file_cmd=func_convert_file_noop
lt_cv_to_tool_file_cmd=func_convert_file_noop
lt_cv_truncate_bin='/bin/dd bs=4096 count=1'

## ----------------- ##
## Output variables. ##
## ----------------- ##

ACLOCAL='${SHELL} /Users/mac/Documents/workspace/nemea/git/Nemea-Modules/missing aclocal-1.15'
AMDEPBACKSLASH='\'
AMDEP_FALSE='#'
AMDEP_TRUE=''
AMTAR='$${TAR-tar}'
AM_BACKSLASH='\'
AM_DEFAULT_V='$(AM_DEFAULT_VERBOSITY)'
AM_DEFAULT_VERBOSITY='0'
AM_V='$(V)'
AR='ar'
AUTOCONF='${SHELL} /Users/mac/Documents/workspace/nemea/git/Nemea-Modules/missing autoconf'
AUTOHEADER='${SHELL} /Users/mac/Documents/workspace/nemea/git/Nemea-Modules/missing autoheader'
AUTOMAKE='${SHELL} /Users/mac/Documents/workspace/nemea/git/Nemea-Modules/missing automake-1.15'
AWK='awk'
BINDIR='/usr/local/bin'
BISON=''
CC='gcc'
CCDEPMODE='depmode=gcc3'
CFLAGS='-Wall -O3  -D_THREAD_SAFE -pthread'
CPP='gcc -E'
CPPFLAGS='-DNDEBUG=1 '
CXX='g++'
CXXCPP='g++ -E'
CXXDEPMODE='depmode=gcc3'
CXXFLAGS='-Wall -O3  -D_THREAD_SAFE -pthread'
CYGPATH_W='echo'
DEBUG_FALSE=''
DEBUG_TRUE='#'
DEFS=''
DEPDIR='.deps'
DEVICECLASSIFIERDATADIR='/usr/local/share/nemea/device_classifier'
DLLTOOL='false'
DSYMUTIL='dsymutil'
DUMPBIN=''
ECHO_C='\c'
ECHO_N=''
ECHO_T=''
EGREP='/usr/bin/grep -E'
EXEEXT=''
FGREP='/usr/bin/grep -F'
FLEX=''
GREP='/usr/bin/grep'
HAVE_BISON_FALSE=''
HAVE_BISON_TRUE=''
HAVE_LIBIDN_FALSE=''
HAVE_LIBIDN_TRUE=''
HAVE_LIBNF_FALSE=''
HAVE_LIBNF_TRUE=''
HAVE_LIBPCAP_FALSE=''
HAVE_LIBPCAP_TRUE=''
INSTALL_DATA='${INSTALL} -m 644'
INSTALL_PROGRAM='${INSTALL}'
INSTALL_SCRIPT='${INSTALL}'
INSTALL_STRIP_PROGRAM='$(install_sh) -c -s'
LD='/Applications/Xcode.app/Contents/Developer/Toolchains/XcodeDefault.xctoolchain/usr/bin/ld'
LDFLAGS=''
LIBOBJS=''
LIBS=' '
LIBTOOL='$(SHELL) $(top_builddir)/libtool'
LIPO='lipo'
LN_S='ln -s'
LTLIBOBJS=''
LT_SYS_LIBRARY_PATH=''
MAKEINFO='${SHELL} /Users/mac/Documents/workspace/nemea/git/Nemea-Modules/missing makeinfo'
MAKE_RPMS_FALSE=''
MAKE_RPMS_TRUE=''
MANIFEST_TOOL=':'
MKDIR_P='./install-sh -c -d'
NM='/usr/bin/nm -B'
NMEDIT='nmedit'
OBJDUMP='objdump'
OBJEXT='o'
OPENMP_CFLAGS=''
OTOOL64=':'
OTOOL='otool'
PACKAGE='nemea-modules'
PACKAGE_BUGREPORT='nemea@cesnet.cz'
PACKAGE_NAME='nemea-modules'
PACKAGE_STRING='nemea-modules 2.5.1'
PACKAGE_TARNAME='nemea-modules'
PACKAGE_URL=''
PACKAGE_VERSION='2.5.1'
PATH_SEPARATOR=':'
PKGDATADIR='/usr/local/share/nemea'
PKG_CONFIG=''
PKG_CONFIG_LIBDIR=''
PKG_CONFIG_PATH=''
POW_LIB=''
PTHREAD_CC='gcc'
PTHREAD_CFLAGS='-D_THREAD_SAFE -pthread'
PTHREAD_LIBS=''
PYTHON='python'
RANLIB='ranlib'
RELEASE='8'
RPMBUILD=''
RPM_BUILDREQ=''
RPM_RELEASE=''
RPM_REQUIRES=''
SED='/usr/bin/sed'
SET_MAKE=''
SHELL='/bin/sh'
STRIP='strip'
SYSCONFDIR='/usr/local/etc/nemea'
TRAP2MAN=''
UNIRECPROC=''
UNIREC_INCLUDE=''
UNIREC_LTLIB=''
USERMAIL='ladislavmacoun@gmail.com'
USERNAME='Ladislav Macoun'
VERSION='2.5.1'
ac_ct_AR='ar'
ac_ct_CC='gcc'
ac_ct_CXX='g++'
ac_ct_DUMPBIN=''
am__EXEEXT_FALSE=''
am__EXEEXT_TRUE=''
am__fastdepCC_FALSE='#'
am__fastdepCC_TRUE=''
am__fastdepCXX_FALSE='#'
am__fastdepCXX_TRUE=''
am__include='include'
am__isrc=''
am__leading_dot='.'
am__nodep='_no'
am__quote=''
am__tar='$${TAR-tar} chof - "$$tardir"'
am__untar='$${TAR-tar} xf -'
ax_pthread_config=''
bashcompldir='${prefix}/etc/bash_completion.d'
bindir='${exec_prefix}/bin'
build='x86_64-apple-darwin16.4.0'
build_alias=''
build_cpu='x86_64'
build_os='darwin16.4.0'
build_vendor='apple'
datadir='${datarootdir}'
datarootdir='${prefix}/share'
deviceclassifierdatadir='${datarootdir}/nemea/device_classifier'
docdir='${datarootdir}/doc/${PACKAGE_TARNAME}'
dvidir='${docdir}'
exec_prefix='NONE'
host='x86_64-apple-darwin16.4.0'
host_alias=''
host_cpu='x86_64'
host_os='darwin16.4.0'
host_vendor='apple'
htmldir='${docdir}'
includedir='${prefix}/include'
infodir='${datarootdir}/info'
install_sh='${SHELL} /Users/mac/Documents/workspace/nemea/git/Nemea-Modules/install-sh'
libdir='${exec_prefix}/lib'
libexecdir='${exec_prefix}/libexec'
libtrap_CFLAGS=''
libtrap_LIBS=''
localedir='${datarootdir}/locale'
localstatedir='${prefix}/var'
mandir='${datarootdir}/man'
mkdir_p='$(MKDIR_P)'
nemeacommon_CFLAGS=''
nemeacommon_LIBS=''
nemeasupdir=''
oldincludedir='/usr/include'
pdfdir='${docdir}'
pkgdatadir='${datarootdir}/nemea'
pkgsysconfdir='${prefix}/etc/nemea'
prefix='NONE'
program_transform_name='s,x,x,'
psdir='${docdir}'
sbindir='${exec_prefix}/sbin'
sharedstatedir='${prefix}/com'
sysconfdir='${prefix}/etc'
target_alias=''
unirec_CFLAGS=''
unirec_LIBS=''

## ----------- ##
## confdefs.h. ##
## ----------- ##

/* confdefs.h */
#define PACKAGE_NAME "nemea-modules"
#define PACKAGE_TARNAME "nemea-modules"
#define PACKAGE_VERSION "2.5.1"
#define PACKAGE_STRING "nemea-modules 2.5.1"
#define PACKAGE_BUGREPORT "nemea@cesnet.cz"
#define PACKAGE_URL ""
#define PACKAGE "nemea-modules"
#define VERSION "2.5.1"
#define STDC_HEADERS 1
#define HAVE_SYS_TYPES_H 1
#define HAVE_SYS_STAT_H 1
#define HAVE_STDLIB_H 1
#define HAVE_STRING_H 1
#define HAVE_MEMORY_H 1
#define HAVE_STRINGS_H 1
#define HAVE_INTTYPES_H 1
#define HAVE_STDINT_H 1
#define HAVE_UNISTD_H 1
#define HAVE_DLFCN_H 1
#define LT_OBJDIR ".libs/"
#define PKGDATADIR "/usr/local/share/nemea"
#define SYSCONFDIR "/usr/local/etc/nemea"
#define BINDIR "/usr/local/bin"
#define DEVICECLASSIFIERDATADIR "/usr/local/share/nemea/device_classifier"
#define HAVE_PTHREAD_PRIO_INHERIT 1
#define BYTEORDER 1234

configure: exit 1
